#
# A fatal error has been detected by the Java Runtime Environment:
#
#  EXCEPTION_ACCESS_VIOLATION (0xc0000005) at pc=0x17ca1a9b, pid=6928, tid=1156
#
# JRE version: Java(TM) SE Runtime Environment (8.0_91-b14) (build 1.8.0_91-b14)
# Java VM: Java HotSpot(TM) Client VM (25.91-b14 mixed mode windows-x86 )
# Problematic frame:
# C  [jmddraw.dll+0x1a9b]
#
# Failed to write core dump. Minidumps are not enabled by default on client versions of Windows
#
# If you would like to submit a bug report, please visit:
#   http://bugreport.java.com/bugreport/crash.jsp
# The crash happened outside the Java Virtual Machine in native code.
# See problematic frame for where to report the bug.
#

---------------  T H R E A D  ---------------

Current thread (0x165bb800):  JavaThread "Loop thread: com.sun.media.renderer.video.DDRenderer@1f9b26e" [_thread_in_native, id=1156, stack(0x19a30000,0x19a80000)]

siginfo: ExceptionCode=0xc0000005, writing address 0x00000000

Registers:
EAX=0x00000000, EBX=0x181d0210, ECX=0x00000000, EDX=0x60a1c2df
ESP=0x19a7f0d8, EBP=0x1af57020, ESI=0x165bb940, EDI=0x00000000
EIP=0x17ca1a9b, EFLAGS=0x00010206

Top of Stack: (sp=0x19a7f0d8)
0x19a7f0d8:   165bb800 17e23c28 19a7f228 17e23c28
0x19a7f0e8:   60a4fc51 00000000 1af57020 19a7f234
0x19a7f0f8:   00000000 60a1c2df 165bb800 00000004
0x19a7f108:   00000008 19a7f490 60a20d78 19a7f710
0x19a7f118:   60a20fcc 000000b6 00000000 00000000
0x19a7f128:   00000000 00000000 00000280 000001e0
0x19a7f138:   19a7f24c 02d93894 02d82bc8 00000000
0x19a7f148:   19a7f288 19a7f24c 00000024 00000001 

Instructions: (pc=0x17ca1a9b)
0x17ca1a7b:   85 c0 0f 84 31 01 00 00 83 f8 20 0f 84 28 01 00
0x17ca1a8b:   00 50 e8 6b 07 00 00 8b 54 24 28 8b f8 83 c4 04
0x17ca1a9b:   89 17 8b 43 1c 8d 54 24 24 8b 08 52 8d 54 24 38
0x17ca1aab:   57 52 50 ff 51 0c 57 e8 17 07 00 00 83 c4 04 c7 


Register to memory mapping:

EAX=0x00000000 is an unknown value
EBX=0x181d0210 is an unknown value
ECX=0x00000000 is an unknown value
EDX=0x60a1c2df is an unknown value
ESP=0x19a7f0d8 is pointing into the stack for thread: 0x165bb800
EBP=0x1af57020 is an unknown value
ESI=0x165bb940 is an unknown value
EDI=0x00000000 is an unknown value


Stack: [0x19a30000,0x19a80000],  sp=0x19a7f0d8,  free space=316k
Native frames: (J=compiled Java code, j=interpreted, Vv=VM code, C=native code)
C  [jmddraw.dll+0x1a9b]

Java frames: (J=compiled Java code, j=interpreted, Vv=VM code)
j  com.sun.media.renderer.video.DDRenderer.dxDraw(Ljava/lang/Object;JII)Z+0
j  com.sun.media.renderer.video.DDRenderer.doProcess(Ljavax/media/Buffer;)I+217
j  com.sun.media.renderer.video.BasicVideoRenderer.process(Ljavax/media/Buffer;)I+18
j  com.sun.media.BasicRendererModule.processBuffer(Ljavax/media/Buffer;)I+357
j  com.sun.media.BasicRendererModule.scheduleBuffer(Ljavax/media/Buffer;)Z+164
j  com.sun.media.BasicRendererModule.doProcess()Z+330
j  com.sun.media.RenderThread.process()Z+4
j  com.sun.media.util.LoopThread.run()V+14
v  ~StubRoutines::call_stub

---------------  P R O C E S S  ---------------

Java Threads: ( => current thread )
  0x165bcc00 JavaThread "DestroyJavaVM" [_thread_blocked, id=3720, stack(0x01030000,0x01080000)]
  0x165bec00 JavaThread "Thread-2" [_thread_in_native, id=8768, stack(0x19ac0000,0x19b10000)]
=>0x165bb800 JavaThread "Loop thread: com.sun.media.renderer.video.DDRenderer@1f9b26e" [_thread_in_native, id=1156, stack(0x19a30000,0x19a80000)]
  0x165bc000 JavaThread "Loop thread: com.sun.media.parser.RawBufferParser$FrameTrack@1fa7135" [_thread_blocked, id=8276, stack(0x17f40000,0x17f90000)]
  0x165bb400 JavaThread "Loop thread" [_thread_blocked, id=8424, stack(0x18180000,0x181d0000)]
  0x165bc400 JavaThread "VFW TransferDataThread" [_thread_blocked, id=996, stack(0x180f0000,0x18140000)]
  0x16578c00 JavaThread "VFW VideoPollThread" [_thread_blocked, id=10028, stack(0x18060000,0x180b0000)]
  0x16585000 JavaThread "JMF thread: SendEventQueue: com.sun.media.PlaybackEngine" [_thread_blocked, id=9992, stack(0x17db0000,0x17e00000)]
  0x1656f800 JavaThread "JMF thread: SendEventQueue: com.sun.media.content.unknown.Handler" [_thread_blocked, id=7268, stack(0x17c10000,0x17c60000)]
  0x1656f400 JavaThread "VFW Request Thread" [_thread_in_native, id=8740, stack(0x16bc0000,0x16c10000)]
  0x15538400 JavaThread "AWT-EventQueue-0" [_thread_blocked, id=1736, stack(0x16900000,0x16950000)]
  0x15509c00 JavaThread "AWT-Shutdown" [_thread_blocked, id=6548, stack(0x15ed0000,0x15f20000)]
  0x15506c00 JavaThread "Java2D Disposer" daemon [_thread_blocked, id=5476, stack(0x15d00000,0x15d50000)]
  0x15375c00 JavaThread "Service Thread" daemon [_thread_blocked, id=6632, stack(0x15ae0000,0x15b30000)]
  0x1536d400 JavaThread "C1 CompilerThread0" daemon [_thread_blocked, id=7496, stack(0x15a50000,0x15aa0000)]
  0x1536c000 JavaThread "Attach Listener" daemon [_thread_blocked, id=7596, stack(0x159c0000,0x15a10000)]
  0x1536a000 JavaThread "Signal Dispatcher" daemon [_thread_blocked, id=1792, stack(0x15930000,0x15980000)]
  0x15359400 JavaThread "Finalizer" daemon [_thread_blocked, id=56, stack(0x15610000,0x15660000)]
  0x15343800 JavaThread "Reference Handler" daemon [_thread_blocked, id=9864, stack(0x15580000,0x155d0000)]

Other Threads:
  0x029bbc00 VMThread [stack: 0x152f0000,0x15340000] [id=6620]
  0x15379800 WatcherThread [stack: 0x15b70000,0x15bc0000] [id=8872]

VM state:not at safepoint (normal execution)

VM Mutex/Monitor currently owned by a thread: None

Heap:
 def new generation   total 10048K, used 4459K [0x04e00000, 0x058e0000, 0x0a350000)
  eden space 8960K,  49% used [0x04e00000, 0x0525ad68, 0x056c0000)
  from space 1088K,   0% used [0x056c0000, 0x056c0000, 0x057d0000)
  to   space 1088K,   0% used [0x057d0000, 0x057d0000, 0x058e0000)
 tenured generation   total 22084K, used 13248K [0x0a350000, 0x0b8e1000, 0x14e00000)
   the space 22084K,  59% used [0x0a350000, 0x0b0402e8, 0x0b040400, 0x0b8e1000)
 Metaspace       used 7043K, capacity 7246K, committed 7296K, reserved 7552K

Card table byte_map: [0x14e00000,0x14e90000] byte_map_base: 0x14dd9000

Polling page: 0x00f00000

CodeCache: size=32768Kb used=1028Kb max_used=1037Kb free=31739Kb
 bounds [0x02d80000, 0x02e88000, 0x04d80000]
 total_blobs=501 nmethods=260 adapters=172
 compilation: enabled

Compilation events (10 events):
Event: 2.463 Thread 0x1536d400  257             sun.java2d.pipe.SpanShapeRenderer$Composite::renderBox (21 bytes)
Event: 2.464 Thread 0x1536d400 nmethod 257 0x02e826c8 code [0x02e827d0, 0x02e8289c]
Event: 2.464 Thread 0x1536d400  258             sun.java2d.pipe.RegionIterator::copyStateFrom (38 bytes)
Event: 2.464 Thread 0x1536d400 nmethod 258 0x02e82908 code [0x02e82a10, 0x02e82afc]
Event: 2.467 Thread 0x1536d400  259             java.util.concurrent.atomic.AtomicInteger::get (5 bytes)
Event: 2.467 Thread 0x1536d400 nmethod 259 0x02e82bc8 code [0x02e82cc0, 0x02e82d40]
Event: 2.467 Thread 0x1536d400  260             sun.awt.AppContext::getAppContext (51 bytes)
Event: 2.467 Thread 0x1536d400 nmethod 260 0x02e82d88 code [0x02e82eb0, 0x02e83008]
Event: 3.961 Thread 0x1536d400  261             java.lang.Class::getClassLoader0 (5 bytes)
Event: 3.961 Thread 0x1536d400 nmethod 261 0x02e83288 code [0x02e83380, 0x02e83400]

GC Heap History (10 events):
Event: 0.985 GC heap before
{Heap before GC invocations=0 (full 0):
 def new generation   total 4928K, used 4416K [0x04e00000, 0x05350000, 0x0a350000)
  eden space 4416K, 100% used [0x04e00000, 0x05250000, 0x05250000)
  from space 512K,   0% used [0x05250000, 0x05250000, 0x052d0000)
  to   space 512K,   0% used [0x052d0000, 0x052d0000, 0x05350000)
 tenured generation   total 10944K, used 0K [0x0a350000, 0x0ae00000, 0x14e00000)
   the space 10944K,   0% used [0x0a350000, 0x0a350000, 0x0a350200, 0x0ae00000)
 Metaspace       used 5810K, capacity 6008K, committed 6144K, reserved 6528K
Event: 1.000 GC heap after
Heap after GC invocations=1 (full 0):
 def new generation   total 4928K, used 512K [0x04e00000, 0x05350000, 0x0a350000)
  eden space 4416K,   0% used [0x04e00000, 0x04e00000, 0x05250000)
  from space 512K, 100% used [0x052d0000, 0x05350000, 0x05350000)
  to   space 512K,   0% used [0x05250000, 0x05250000, 0x052d0000)
 tenured generation   total 10944K, used 955K [0x0a350000, 0x0ae00000, 0x14e00000)
   the space 10944K,   8% used [0x0a350000, 0x0a43ed40, 0x0a43ee00, 0x0ae00000)
 Metaspace       used 5810K, capacity 6008K, committed 6144K, reserved 6528K
}
Event: 2.286 GC heap before
{Heap before GC invocations=1 (full 0):
 def new generation   total 4928K, used 4928K [0x04e00000, 0x05350000, 0x0a350000)
  eden space 4416K, 100% used [0x04e00000, 0x05250000, 0x05250000)
  from space 512K, 100% used [0x052d0000, 0x05350000, 0x05350000)
  to   space 512K,   0% used [0x05250000, 0x05250000, 0x052d0000)
 tenured generation   total 10944K, used 955K [0x0a350000, 0x0ae00000, 0x14e00000)
   the space 10944K,   8% used [0x0a350000, 0x0a43ed40, 0x0a43ee00, 0x0ae00000)
 Metaspace       used 6506K, capacity 6734K, committed 6784K, reserved 7552K
Event: 2.295 GC heap after
Heap after GC invocations=2 (full 0):
 def new generation   total 4928K, used 511K [0x04e00000, 0x05350000, 0x0a350000)
  eden space 4416K,   0% used [0x04e00000, 0x04e00000, 0x05250000)
  from space 512K,  99% used [0x05250000, 0x052cfff8, 0x052d0000)
  to   space 512K,   0% used [0x052d0000, 0x052d0000, 0x05350000)
 tenured generation   total 10944K, used 2565K [0x0a350000, 0x0ae00000, 0x14e00000)
   the space 10944K,  23% used [0x0a350000, 0x0a5d1488, 0x0a5d1600, 0x0ae00000)
 Metaspace       used 6506K, capacity 6734K, committed 6784K, reserved 7552K
}
Event: 2.838 GC heap before
{Heap before GC invocations=2 (full 0):
 def new generation   total 4928K, used 4679K [0x04e00000, 0x05350000, 0x0a350000)
  eden space 4416K,  94% used [0x04e00000, 0x05212000, 0x05250000)
  from space 512K,  99% used [0x05250000, 0x052cfff8, 0x052d0000)
  to   space 512K,   0% used [0x052d0000, 0x052d0000, 0x05350000)
 tenured generation   total 10944K, used 2565K [0x0a350000, 0x0ae00000, 0x14e00000)
   the space 10944K,  23% used [0x0a350000, 0x0a5d1488, 0x0a5d1600, 0x0ae00000)
 Metaspace       used 7028K, capacity 7246K, committed 7296K, reserved 7552K
Event: 2.844 GC heap after
Heap after GC invocations=3 (full 0):
 def new generation   total 4928K, used 163K [0x04e00000, 0x05350000, 0x0a350000)
  eden space 4416K,   0% used [0x04e00000, 0x04e00000, 0x05250000)
  from space 512K,  32% used [0x052d0000, 0x052f8f60, 0x05350000)
  to   space 512K,   0% used [0x05250000, 0x05250000, 0x052d0000)
 tenured generation   total 10944K, used 5877K [0x0a350000, 0x0ae00000, 0x14e00000)
   the space 10944K,  53% used [0x0a350000, 0x0a90d528, 0x0a90d600, 0x0ae00000)
 Metaspace       used 7028K, capacity 7246K, committed 7296K, reserved 7552K
}
Event: 3.999 GC heap before
{Heap before GC invocations=3 (full 0):
 def new generation   total 4928K, used 4045K [0x04e00000, 0x05350000, 0x0a350000)
  eden space 4416K,  87% used [0x04e00000, 0x051ca700, 0x05250000)
  from space 512K,  32% used [0x052d0000, 0x052f8f60, 0x05350000)
  to   space 512K,   0% used [0x05250000, 0x05250000, 0x052d0000)
 tenured generation   total 10944K, used 5877K [0x0a350000, 0x0ae00000, 0x14e00000)
   the space 10944K,  53% used [0x0a350000, 0x0a90d528, 0x0a90d600, 0x0ae00000)
 Metaspace       used 7043K, capacity 7246K, committed 7296K, reserved 7552K
Event: 4.004 GC heap after
Heap after GC invocations=4 (full 0):
 def new generation   total 4928K, used 92K [0x04e00000, 0x05350000, 0x0a350000)
  eden space 4416K,   0% used [0x04e00000, 0x04e00000, 0x05250000)
  from space 512K,  17% used [0x05250000, 0x05267030, 0x052d0000)
  to   space 512K,   0% used [0x052d0000, 0x052d0000, 0x05350000)
 tenured generation   total 10944K, used 9477K [0x0a350000, 0x0ae00000, 0x14e00000)
   the space 10944K,  86% used [0x0a350000, 0x0ac91568, 0x0ac91600, 0x0ae00000)
 Metaspace       used 7043K, capacity 7246K, committed 7296K, reserved 7552K
}
Event: 4.070 GC heap before
{Heap before GC invocations=4 (full 0):
 def new generation   total 4928K, used 4331K [0x04e00000, 0x05350000, 0x0a350000)
  eden space 4416K,  95% used [0x04e00000, 0x05223c70, 0x05250000)
  from space 512K,  17% used [0x05250000, 0x05267030, 0x052d0000)
  to   space 512K,   0% used [0x052d0000, 0x052d0000, 0x05350000)
 tenured generation   total 10944K, used 9477K [0x0a350000, 0x0ae00000, 0x14e00000)
   the space 10944K,  86% used [0x0a350000, 0x0ac91568, 0x0ac91600, 0x0ae00000)
 Metaspace       used 7043K, capacity 7246K, committed 7296K, reserved 7552K
Event: 4.092 GC heap after
Heap after GC invocations=5 (full 1):
 def new generation   total 10048K, used 0K [0x04e00000, 0x058e0000, 0x0a350000)
  eden space 8960K,   0% used [0x04e00000, 0x04e00000, 0x056c0000)
  from space 1088K,   0% used [0x056c0000, 0x056c0000, 0x057d0000)
  to   space 1088K,   0% used [0x057d0000, 0x057d0000, 0x058e0000)
 tenured generation   total 22084K, used 13248K [0x0a350000, 0x0b8e1000, 0x14e00000)
   the space 22084K,  59% used [0x0a350000, 0x0b0402e8, 0x0b040400, 0x0b8e1000)
 Metaspace       used 7043K, capacity 7246K, committed 7296K, reserved 7552K
}

Deoptimization events (0 events):
No events

Internal exceptions (10 events):
Event: 2.014 Thread 0x02a9bc00 Exception <a 'java/lang/reflect/InvocationTargetException'> (0x04fde290) thrown at [C:\re\workspace\8-2-build-windows-i586-cygwin\jdk8u91\6644\hotspot\src\share\vm\runtime\reflection.cpp, line 1092]
Event: 2.015 Thread 0x02a9bc00 Exception <a 'java/lang/reflect/InvocationTargetException'> (0x04fdfbc0) thrown at [C:\re\workspace\8-2-build-windows-i586-cygwin\jdk8u91\6644\hotspot\src\share\vm\runtime\reflection.cpp, line 1092]
Event: 2.016 Thread 0x02a9bc00 Exception <a 'java/lang/reflect/InvocationTargetException'> (0x04fe2338) thrown at [C:\re\workspace\8-2-build-windows-i586-cygwin\jdk8u91\6644\hotspot\src\share\vm\runtime\reflection.cpp, line 1092]
Event: 2.018 Thread 0x02a9bc00 Exception <a 'java/lang/reflect/InvocationTargetException'> (0x04fe6450) thrown at [C:\re\workspace\8-2-build-windows-i586-cygwin\jdk8u91\6644\hotspot\src\share\vm\runtime\reflection.cpp, line 1092]
Event: 2.327 Thread 0x02a9bc00 Exception <a 'java/lang/NoClassDefFoundError': com/ms/awt/HeavyComponent> (0x04e25830) thrown at [C:\re\workspace\8-2-build-windows-i586-cygwin\jdk8u91\6644\hotspot\src\share\vm\classfile\systemDictionary.cpp, line 199]
Event: 2.327 Thread 0x02a9bc00 Exception <a 'java/lang/NoClassDefFoundError'> (0x04e25830) thrown at [C:\re\workspace\8-2-build-windows-i586-cygwin\jdk8u91\6644\hotspot\src\share\vm\prims\jvm.cpp, line 1390]
Event: 2.343 Thread 0x02a9bc00 Exception <a 'java/io/FileNotFoundException'> (0x04e81668) thrown at [C:\re\workspace\8-2-build-windows-i586-cygwin\jdk8u91\6644\hotspot\src\share\vm\prims\jni.cpp, line 709]
Event: 2.349 Thread 0x02a9bc00 Exception <a 'java/io/FileNotFoundException'> (0x04e937c0) thrown at [C:\re\workspace\8-2-build-windows-i586-cygwin\jdk8u91\6644\hotspot\src\share\vm\prims\jni.cpp, line 709]
Event: 2.350 Thread 0x02a9bc00 Exception <a 'java/io/FileNotFoundException'> (0x04ea0a48) thrown at [C:\re\workspace\8-2-build-windows-i586-cygwin\jdk8u91\6644\hotspot\src\share\vm\prims\jni.cpp, line 709]
Event: 2.355 Thread 0x02a9bc00 Exception <a 'java/io/FileNotFoundException'> (0x04eb2738) thrown at [C:\re\workspace\8-2-build-windows-i586-cygwin\jdk8u91\6644\hotspot\src\share\vm\prims\jni.cpp, line 709]

Events (10 events):
Event: 3.959 loading class com/sun/media/DrawingSurfaceJAWT done
Event: 3.961 Thread 0x1536d400 flushing nmethod 0x02e32dc8
Event: 3.999 Executing VM operation: GenCollectForAllocation
Event: 4.004 Executing VM operation: GenCollectForAllocation done
Event: 4.070 Executing VM operation: GenCollectForAllocation
Event: 4.092 Executing VM operation: GenCollectForAllocation done
Event: 4.093 Thread 0x165bd400 Thread added: 0x165bd400
Event: 4.094 Thread 0x165bd800 Thread added: 0x165bd800
Event: 4.094 Thread 0x165bd800 Thread exited: 0x165bd800
Event: 4.101 Thread 0x1550a400 Thread exited: 0x1550a400


Dynamic libraries:
0x00090000 - 0x000c3000 	C:\Program Files (x86)\Java\jdk1.8.0_91\bin\java.exe
0x77ac0000 - 0x77c17000 	C:\Windows\SYSTEM32\ntdll.dll
0x752d0000 - 0x75400000 	C:\Windows\SYSTEM32\KERNEL32.DLL
0x75ef0000 - 0x75f97000 	C:\Windows\SYSTEM32\KERNELBASE.dll
0x73220000 - 0x7324d000 	C:\Program Files (x86)\AVG\Av\avghookx.dll
0x72730000 - 0x727d8000 	C:\Windows\system32\apphelp.dll
0x757e0000 - 0x7588e000 	C:\Windows\SYSTEM32\ADVAPI32.dll
0x778a0000 - 0x779b6000 	C:\Windows\SYSTEM32\USER32.dll
0x73250000 - 0x73448000 	C:\Windows\WinSxS\x86_microsoft.windows.common-controls_6595b64144ccf1df_6.0.9200.17359_none_8935f06086091acc\COMCTL32.dll
0x75a40000 - 0x75af1000 	C:\Windows\SYSTEM32\msvcrt.dll
0x758e0000 - 0x75914000 	C:\Windows\SYSTEM32\sechost.dll
0x75510000 - 0x755bc000 	C:\Windows\SYSTEM32\RPCRT4.dll
0x77380000 - 0x7747d000 	C:\Windows\SYSTEM32\GDI32.dll
0x750c0000 - 0x750dd000 	C:\Windows\SYSTEM32\SspiCli.dll
0x750b0000 - 0x750b9000 	C:\Windows\SYSTEM32\CRYPTBASE.dll
0x75050000 - 0x750a1000 	C:\Windows\SYSTEM32\bcryptPrimitives.dll
0x779e0000 - 0x77a00000 	C:\Windows\system32\IMM32.DLL
0x75700000 - 0x757dd000 	C:\Windows\SYSTEM32\MSCTF.dll
0x73c00000 - 0x73cbf000 	C:\Program Files (x86)\Java\jdk1.8.0_91\jre\bin\msvcr100.dll
0x609a0000 - 0x60d6a000 	C:\Program Files (x86)\Java\jdk1.8.0_91\jre\bin\client\jvm.dll
0x74500000 - 0x74508000 	C:\Windows\SYSTEM32\WSOCK32.dll
0x749d0000 - 0x749f1000 	C:\Windows\SYSTEM32\WINMM.dll
0x74ca0000 - 0x74ca8000 	C:\Windows\SYSTEM32\VERSION.dll
0x779d0000 - 0x779d6000 	C:\Windows\SYSTEM32\PSAPI.DLL
0x75fb0000 - 0x76000000 	C:\Windows\SYSTEM32\WS2_32.dll
0x749a0000 - 0x749cb000 	C:\Windows\SYSTEM32\WINMMBASE.dll
0x779c0000 - 0x779c8000 	C:\Windows\SYSTEM32\NSI.dll
0x75890000 - 0x758d6000 	C:\Windows\SYSTEM32\cfgmgr32.dll
0x75b00000 - 0x75b1e000 	C:\Windows\SYSTEM32\DEVOBJ.dll
0x74ab0000 - 0x74abc000 	C:\Program Files (x86)\Java\jdk1.8.0_91\jre\bin\verify.dll
0x74580000 - 0x745a1000 	C:\Program Files (x86)\Java\jdk1.8.0_91\jre\bin\java.dll
0x742f0000 - 0x74303000 	C:\Program Files (x86)\Java\jdk1.8.0_91\jre\bin\zip.dll
0x76210000 - 0x772d6000 	C:\Windows\SYSTEM32\SHELL32.dll
0x755c0000 - 0x756f6000 	C:\Windows\SYSTEM32\combase.dll
0x75920000 - 0x75960000 	C:\Windows\SYSTEM32\SHLWAPI.dll
0x74a20000 - 0x74a93000 	C:\Windows\SYSTEM32\SHCORE.dll
0x77880000 - 0x77891000 	C:\Windows\SYSTEM32\profapi.dll
0x73ab0000 - 0x73bf5000 	C:\Program Files (x86)\Java\jdk1.8.0_91\jre\bin\awt.dll
0x759b0000 - 0x75a3e000 	C:\Windows\SYSTEM32\OLEAUT32.dll
0x73140000 - 0x7315a000 	C:\Windows\system32\DWMAPI.DLL
0x73190000 - 0x73218000 	C:\Windows\system32\uxtheme.dll
0x77760000 - 0x77879000 	C:\Windows\SYSTEM32\ole32.dll
0x74290000 - 0x742c9000 	C:\Program Files (x86)\Java\jdk1.8.0_91\jre\bin\fontmanager.dll
0x742d0000 - 0x742e6000 	C:\Program Files (x86)\Java\jdk1.8.0_91\jre\bin\net.dll
0x74040000 - 0x7408a000 	C:\Windows\system32\mswsock.dll
0x74aa0000 - 0x74aaf000 	C:\Program Files (x86)\Java\jdk1.8.0_91\jre\bin\nio.dll
0x73d90000 - 0x73dc2000 	C:\Program Files (x86)\Java\jdk1.8.0_91\jre\bin\t2k.dll
0x16a50000 - 0x16a65000 	C:\Windows\System32\jmutil.dll
0x16c10000 - 0x16c1d000 	C:\Windows\System32\jmvfw.dll
0x736c0000 - 0x736d4000 	C:\Windows\SYSTEM32\AVICAP32.dll
0x73690000 - 0x736b1000 	C:\Windows\SYSTEM32\MSVFW32.dll
0x73a70000 - 0x73a77000 	C:\Windows\SYSTEM32\DCIMAN32.DLL
0x6a770000 - 0x6a7bd000 	C:\Windows\SYSTEM32\MMDevAPI.DLL
0x72ea0000 - 0x72ed0000 	C:\Windows\SYSTEM32\wdmaud.drv
0x6a730000 - 0x6a735000 	C:\Windows\SYSTEM32\ksuser.dll
0x6bb40000 - 0x6bb48000 	C:\Windows\SYSTEM32\AVRT.dll
0x71750000 - 0x717a4000 	C:\Windows\SYSTEM32\AUDIOSES.DLL
0x73530000 - 0x7356f000 	C:\Windows\SYSTEM32\powrprof.dll
0x73a40000 - 0x73a49000 	C:\Windows\SYSTEM32\msacm32.drv
0x6bb80000 - 0x6bb94000 	C:\Windows\SYSTEM32\MSACM32.dll
0x739b0000 - 0x739b8000 	C:\Windows\SYSTEM32\midimap.dll
0x73840000 - 0x73850000 	C:\Windows\SYSTEM32\vfwwdm32.dll
0x77300000 - 0x77374000 	C:\Windows\SYSTEM32\clbcatq.dll
0x6a750000 - 0x6a763000 	C:\Windows\SYSTEM32\devenum.dll
0x77480000 - 0x7762f000 	C:\Windows\SYSTEM32\setupapi.dll
0x73cc0000 - 0x73ce6000 	C:\Windows\SYSTEM32\ntmarta.dll
0x75960000 - 0x759a2000 	C:\Windows\SYSTEM32\WINTRUST.dll
0x76000000 - 0x76182000 	C:\Windows\SYSTEM32\CRYPT32.dll
0x772e0000 - 0x772f2000 	C:\Windows\SYSTEM32\MSASN1.dll
0x6a740000 - 0x6a74b000 	C:\Windows\SYSTEM32\msdmo.dll
0x6a630000 - 0x6a662000 	C:\Windows\SYSTEM32\ksproxy.ax
0x72430000 - 0x725e5000 	C:\Windows\SYSTEM32\d3d9.dll
0x6a720000 - 0x6a72a000 	C:\Windows\SYSTEM32\vidcap.ax
0x6a6f0000 - 0x6a70d000 	C:\Windows\SYSTEM32\kswdmcap.ax
0x6a510000 - 0x6a629000 	C:\Windows\SYSTEM32\MFC42.dll
0x6a460000 - 0x6a501000 	C:\Windows\SYSTEM32\ODBC32.dll
0x70670000 - 0x706a0000 	C:\Windows\SYSTEM32\qcap.dll
0x6bcd0000 - 0x6be52000 	C:\Windows\SYSTEM32\quartz.dll
0x737e0000 - 0x737e6000 	C:\Windows\SYSTEM32\IR41_32.AX
0x1c400000 - 0x1c4d6000 	C:\Windows\system32\ir41_32original.dll
0x17ca0000 - 0x17ca8000 	C:\Windows\System32\jmddraw.dll
0x5fb70000 - 0x5fc49000 	C:\Windows\SYSTEM32\DDRAW.dll
0x69c70000 - 0x6a3fb000 	C:\Windows\SYSTEM32\igdumdim32.dll
0x6cdd0000 - 0x6d115000 	C:\Windows\SYSTEM32\igdusc32.dll
0x17fc0000 - 0x17fcb000 	C:\Windows\System32\jmvcm.dll
0x18000000 - 0x1801f000 	C:\JavaRXTX\x86\rxtxSerial.dll
0x73680000 - 0x73686000 	C:\Program Files (x86)\Java\jdk1.8.0_91\jre\bin\jawt.dll
0x18370000 - 0x18379000 	C:\Windows\System32\jmfjawt.dll
0x73e90000 - 0x73fb9000 	C:\Windows\SYSTEM32\dbghelp.dll

VM Arguments:
jvm_args: -Dfile.encoding=UTF-8 
java_command: camara.Camara
java_class_path (initial): C:\Program Files (x86)\JMF2.1.1e\lib\jmf.jar;D:\CESMAG\OCTAVO\vision\Proyecto_Final\Conexion matlab java arduion\PanamaHitek_Arduino-2.7.3.jar;D:\CESMAG\OCTAVO\vision\Proyecto_Final\Java\Camara\build\classes
Launcher Type: SUN_STANDARD

Environment Variables:
CLASSPATH=.;.;C:\PROGRA~2\JMF21~1.1E\lib\sound.jar;C:\PROGRA~2\JMF21~1.1E\lib\jmf.jar;C:\PROGRA~2\JMF21~1.1E\lib;
PATH=C:\ProgramData\Oracle\Java\javapath;C:\Windows\system32;C:\Windows;C:\Windows\System32\Wbem;C:\Windows\System32\WindowsPowerShell\v1.0\;C:\Program Files (x86)\Microchip\MPLAB IDE\VDI;C:\Program Files\MATLAB\R2013a\runtime\win64;C:\Program Files\MATLAB\R2013a\bin;C:\PROGRA~2\PICC;C:\Program Files (x86)\Windows Kits\8.0\Windows Performance Toolkit\;C:\Program Files (x86)\Skype\Phone\;C:\root_v5.34.26\bin
USERNAME=ACER
OS=Windows_NT
PROCESSOR_IDENTIFIER=Intel64 Family 6 Model 58 Stepping 9, GenuineIntel



---------------  S Y S T E M  ---------------

OS: Windows 8 , 64 bit Build 9200 (6.2.9200.16859)

CPU:total 4 (2 cores per cpu, 2 threads per core) family 6 model 58 stepping 9, cmov, cx8, fxsr, mmx, sse, sse2, sse3, ssse3, sse4.1, sse4.2, popcnt, avx, aes, clmul, erms, ht, tsc, tscinvbit, tscinv

Memory: 4k page, physical 6104424k(2838232k free), swap 8254940k(3356312k free)

vm_info: Java HotSpot(TM) Client VM (25.91-b14) for windows-x86 JRE (1.8.0_91-b14), built on Apr  1 2016 01:01:28 by "java_re" with MS VC++ 10.0 (VS2010)

time: Wed Jun 01 14:47:53 2016
elapsed time: 4 seconds (0d 0h 0m 4s)

